mode: set
github.com/go-park-mail-ru/2019_1_SleeplessNights/main_microservice/router/mux.go:10.39,36.2 19 1
github.com/go-park-mail-ru/2019_1_SleeplessNights/main_microservice/handlers/helpers/auth.go:12.89,14.16 2 1
github.com/go-park-mail-ru/2019_1_SleeplessNights/main_microservice/handlers/helpers/auth.go:17.2,24.8 2 1
github.com/go-park-mail-ru/2019_1_SleeplessNights/main_microservice/handlers/helpers/auth.go:14.16,16.3 1 0
github.com/go-park-mail-ru/2019_1_SleeplessNights/main_microservice/handlers/helpers/errors.go:34.53,36.29 2 1
github.com/go-park-mail-ru/2019_1_SleeplessNights/main_microservice/handlers/helpers/errors.go:68.2,68.35 1 1
github.com/go-park-mail-ru/2019_1_SleeplessNights/main_microservice/handlers/helpers/errors.go:36.29,37.14 1 1
github.com/go-park-mail-ru/2019_1_SleeplessNights/main_microservice/handlers/helpers/errors.go:38.28,39.56 1 1
github.com/go-park-mail-ru/2019_1_SleeplessNights/main_microservice/handlers/helpers/errors.go:40.28,41.28 1 1
github.com/go-park-mail-ru/2019_1_SleeplessNights/main_microservice/handlers/helpers/errors.go:42.27,43.56 1 1
github.com/go-park-mail-ru/2019_1_SleeplessNights/main_microservice/handlers/helpers/errors.go:44.29,45.28 1 1
github.com/go-park-mail-ru/2019_1_SleeplessNights/main_microservice/handlers/helpers/errors.go:46.22,47.31 1 1
github.com/go-park-mail-ru/2019_1_SleeplessNights/main_microservice/handlers/helpers/errors.go:48.36,49.32 1 1
github.com/go-park-mail-ru/2019_1_SleeplessNights/main_microservice/handlers/helpers/errors.go:50.35,51.31 1 1
github.com/go-park-mail-ru/2019_1_SleeplessNights/main_microservice/handlers/helpers/errors.go:52.32,53.31 1 1
github.com/go-park-mail-ru/2019_1_SleeplessNights/main_microservice/handlers/helpers/errors.go:54.35,55.31 1 1
github.com/go-park-mail-ru/2019_1_SleeplessNights/main_microservice/handlers/helpers/errors.go:56.34,57.31 1 1
github.com/go-park-mail-ru/2019_1_SleeplessNights/main_microservice/handlers/helpers/errors.go:58.29,59.29 1 1
github.com/go-park-mail-ru/2019_1_SleeplessNights/main_microservice/handlers/helpers/errors.go:60.29,61.29 1 1
github.com/go-park-mail-ru/2019_1_SleeplessNights/main_microservice/handlers/helpers/errors.go:62.27,63.29 1 1
github.com/go-park-mail-ru/2019_1_SleeplessNights/main_microservice/handlers/helpers/errors.go:64.11,65.56 1 0
github.com/go-park-mail-ru/2019_1_SleeplessNights/main_microservice/handlers/helpers/errors.go:71.51,75.16 4 0
github.com/go-park-mail-ru/2019_1_SleeplessNights/main_microservice/handlers/helpers/errors.go:78.2,79.16 2 0
github.com/go-park-mail-ru/2019_1_SleeplessNights/main_microservice/handlers/helpers/errors.go:75.16,77.3 1 0
github.com/go-park-mail-ru/2019_1_SleeplessNights/main_microservice/handlers/helpers/errors.go:79.16,81.3 1 0
github.com/go-park-mail-ru/2019_1_SleeplessNights/main_microservice/handlers/helpers/errors.go:84.71,88.16 4 0
github.com/go-park-mail-ru/2019_1_SleeplessNights/main_microservice/handlers/helpers/errors.go:92.2,93.16 2 0
github.com/go-park-mail-ru/2019_1_SleeplessNights/main_microservice/handlers/helpers/errors.go:88.16,91.3 2 0
github.com/go-park-mail-ru/2019_1_SleeplessNights/main_microservice/handlers/helpers/errors.go:93.16,96.3 2 0
github.com/go-park-mail-ru/2019_1_SleeplessNights/main_microservice/handlers/helpers/manager.go:11.13,14.2 2 1
github.com/go-park-mail-ru/2019_1_SleeplessNights/main_microservice/handlers/helpers/manager.go:21.12,24.16 3 1
github.com/go-park-mail-ru/2019_1_SleeplessNights/main_microservice/handlers/helpers/manager.go:29.2,30.16 2 1
github.com/go-park-mail-ru/2019_1_SleeplessNights/main_microservice/handlers/helpers/manager.go:24.16,27.3 2 0
github.com/go-park-mail-ru/2019_1_SleeplessNights/main_microservice/handlers/helpers/manager.go:30.16,33.3 2 0
github.com/go-park-mail-ru/2019_1_SleeplessNights/main_microservice/handlers/helpers/validators.go:15.88,19.16 3 1
github.com/go-park-mail-ru/2019_1_SleeplessNights/main_microservice/handlers/helpers/validators.go:24.2,28.16 4 1
github.com/go-park-mail-ru/2019_1_SleeplessNights/main_microservice/handlers/helpers/validators.go:33.2,36.16 3 1
github.com/go-park-mail-ru/2019_1_SleeplessNights/main_microservice/handlers/helpers/validators.go:40.2,40.27 1 1
github.com/go-park-mail-ru/2019_1_SleeplessNights/main_microservice/handlers/helpers/validators.go:19.16,22.3 2 0
github.com/go-park-mail-ru/2019_1_SleeplessNights/main_microservice/handlers/helpers/validators.go:28.16,31.3 2 0
github.com/go-park-mail-ru/2019_1_SleeplessNights/main_microservice/handlers/helpers/validators.go:36.16,39.3 2 0
github.com/go-park-mail-ru/2019_1_SleeplessNights/main_microservice/handlers/helpers/validators.go:43.83,47.16 4 1
github.com/go-park-mail-ru/2019_1_SleeplessNights/main_microservice/handlers/helpers/validators.go:52.2,54.16 3 1
github.com/go-park-mail-ru/2019_1_SleeplessNights/main_microservice/handlers/helpers/validators.go:59.2,60.27 2 1
github.com/go-park-mail-ru/2019_1_SleeplessNights/main_microservice/handlers/helpers/validators.go:64.2,66.16 3 1
github.com/go-park-mail-ru/2019_1_SleeplessNights/main_microservice/handlers/helpers/validators.go:70.2,70.27 1 1
github.com/go-park-mail-ru/2019_1_SleeplessNights/main_microservice/handlers/helpers/validators.go:47.16,50.3 2 0
github.com/go-park-mail-ru/2019_1_SleeplessNights/main_microservice/handlers/helpers/validators.go:54.16,57.3 2 0
github.com/go-park-mail-ru/2019_1_SleeplessNights/main_microservice/handlers/helpers/validators.go:60.27,62.3 1 1
github.com/go-park-mail-ru/2019_1_SleeplessNights/main_microservice/handlers/helpers/validators.go:66.16,69.3 2 0
github.com/go-park-mail-ru/2019_1_SleeplessNights/main_microservice/handlers/helpers/validators.go:74.71,76.14 2 1
github.com/go-park-mail-ru/2019_1_SleeplessNights/main_microservice/handlers/helpers/validators.go:80.2,80.8 1 1
github.com/go-park-mail-ru/2019_1_SleeplessNights/main_microservice/handlers/helpers/validators.go:76.14,79.3 2 1
github.com/go-park-mail-ru/2019_1_SleeplessNights/main_microservice/handlers/helpers/validators.go:83.77,85.14 2 1
github.com/go-park-mail-ru/2019_1_SleeplessNights/main_microservice/handlers/helpers/validators.go:89.2,89.12 1 1
github.com/go-park-mail-ru/2019_1_SleeplessNights/main_microservice/handlers/helpers/validators.go:85.14,88.3 2 1
github.com/go-park-mail-ru/2019_1_SleeplessNights/main_microservice/handlers/helpers/validators.go:92.77,94.14 2 1
github.com/go-park-mail-ru/2019_1_SleeplessNights/main_microservice/handlers/helpers/validators.go:98.2,98.24 1 1
github.com/go-park-mail-ru/2019_1_SleeplessNights/main_microservice/handlers/helpers/validators.go:102.2,102.25 1 1
github.com/go-park-mail-ru/2019_1_SleeplessNights/main_microservice/handlers/helpers/validators.go:106.2,106.8 1 1
github.com/go-park-mail-ru/2019_1_SleeplessNights/main_microservice/handlers/helpers/validators.go:94.14,97.3 2 1
github.com/go-park-mail-ru/2019_1_SleeplessNights/main_microservice/handlers/helpers/validators.go:98.24,101.3 2 1
github.com/go-park-mail-ru/2019_1_SleeplessNights/main_microservice/handlers/helpers/validators.go:102.25,105.3 2 1
github.com/go-park-mail-ru/2019_1_SleeplessNights/main_microservice/handlers/helpers/validators.go:109.88,111.22 1 1
github.com/go-park-mail-ru/2019_1_SleeplessNights/main_microservice/handlers/helpers/validators.go:115.2,115.32 1 1
github.com/go-park-mail-ru/2019_1_SleeplessNights/main_microservice/handlers/helpers/validators.go:119.2,120.58 2 1
github.com/go-park-mail-ru/2019_1_SleeplessNights/main_microservice/handlers/helpers/validators.go:125.2,125.12 1 1
github.com/go-park-mail-ru/2019_1_SleeplessNights/main_microservice/handlers/helpers/validators.go:111.22,114.3 2 1
github.com/go-park-mail-ru/2019_1_SleeplessNights/main_microservice/handlers/helpers/validators.go:115.32,118.3 2 1
github.com/go-park-mail-ru/2019_1_SleeplessNights/main_microservice/handlers/helpers/validators.go:120.58,123.3 2 1
github.com/go-park-mail-ru/2019_1_SleeplessNights/main_microservice/handlers/helpers/validators.go:127.13,135.2 7 1
github.com/go-park-mail-ru/2019_1_SleeplessNights/main_microservice/handlers/session.go:13.58,15.16 2 1
github.com/go-park-mail-ru/2019_1_SleeplessNights/main_microservice/handlers/session.go:25.2,30.16 2 1
github.com/go-park-mail-ru/2019_1_SleeplessNights/main_microservice/handlers/session.go:46.2,50.16 4 1
github.com/go-park-mail-ru/2019_1_SleeplessNights/main_microservice/handlers/session.go:56.2,57.16 2 1
github.com/go-park-mail-ru/2019_1_SleeplessNights/main_microservice/handlers/session.go:62.2,63.16 2 1
github.com/go-park-mail-ru/2019_1_SleeplessNights/main_microservice/handlers/session.go:15.16,23.3 4 0
github.com/go-park-mail-ru/2019_1_SleeplessNights/main_microservice/handlers/session.go:30.16,34.16 4 1
github.com/go-park-mail-ru/2019_1_SleeplessNights/main_microservice/handlers/session.go:34.16,37.4 2 0
github.com/go-park-mail-ru/2019_1_SleeplessNights/main_microservice/handlers/session.go:37.9,37.24 1 1
github.com/go-park-mail-ru/2019_1_SleeplessNights/main_microservice/handlers/session.go:37.24,40.4 2 1
github.com/go-park-mail-ru/2019_1_SleeplessNights/main_microservice/handlers/session.go:40.9,43.4 2 0
github.com/go-park-mail-ru/2019_1_SleeplessNights/main_microservice/handlers/session.go:50.16,54.3 3 0
github.com/go-park-mail-ru/2019_1_SleeplessNights/main_microservice/handlers/session.go:57.16,61.3 3 0
github.com/go-park-mail-ru/2019_1_SleeplessNights/main_microservice/handlers/session.go:63.16,67.3 3 0
github.com/go-park-mail-ru/2019_1_SleeplessNights/main_microservice/handlers/session.go:70.64,72.16 2 1
github.com/go-park-mail-ru/2019_1_SleeplessNights/main_microservice/handlers/session.go:79.2,83.16 4 1
github.com/go-park-mail-ru/2019_1_SleeplessNights/main_microservice/handlers/session.go:72.16,77.3 4 1
github.com/go-park-mail-ru/2019_1_SleeplessNights/main_microservice/handlers/session.go:83.16,87.3 3 0
github.com/go-park-mail-ru/2019_1_SleeplessNights/main_microservice/handlers/user.go:12.62,14.16 2 1
github.com/go-park-mail-ru/2019_1_SleeplessNights/main_microservice/handlers/user.go:24.2,25.16 2 1
github.com/go-park-mail-ru/2019_1_SleeplessNights/main_microservice/handlers/user.go:30.2,30.26 1 1
github.com/go-park-mail-ru/2019_1_SleeplessNights/main_microservice/handlers/user.go:36.2,42.16 2 1
github.com/go-park-mail-ru/2019_1_SleeplessNights/main_microservice/handlers/user.go:54.2,59.16 2 1
github.com/go-park-mail-ru/2019_1_SleeplessNights/main_microservice/handlers/user.go:65.2,69.16 4 1
github.com/go-park-mail-ru/2019_1_SleeplessNights/main_microservice/handlers/user.go:74.2,75.16 2 1
github.com/go-park-mail-ru/2019_1_SleeplessNights/main_microservice/handlers/user.go:14.16,22.3 4 0
github.com/go-park-mail-ru/2019_1_SleeplessNights/main_microservice/handlers/user.go:25.16,29.3 3 0
github.com/go-park-mail-ru/2019_1_SleeplessNights/main_microservice/handlers/user.go:30.26,34.3 3 1
github.com/go-park-mail-ru/2019_1_SleeplessNights/main_microservice/handlers/user.go:42.16,45.16 3 0
github.com/go-park-mail-ru/2019_1_SleeplessNights/main_microservice/handlers/user.go:45.16,48.4 2 0
github.com/go-park-mail-ru/2019_1_SleeplessNights/main_microservice/handlers/user.go:48.9,51.4 2 0
github.com/go-park-mail-ru/2019_1_SleeplessNights/main_microservice/handlers/user.go:59.16,63.3 3 0
github.com/go-park-mail-ru/2019_1_SleeplessNights/main_microservice/handlers/user.go:69.16,73.3 3 0
github.com/go-park-mail-ru/2019_1_SleeplessNights/main_microservice/handlers/user.go:75.16,79.3 3 0
github.com/go-park-mail-ru/2019_1_SleeplessNights/main_microservice/handlers/CORS.go:7.61,9.2 1 1
github.com/go-park-mail-ru/2019_1_SleeplessNights/main_microservice/handlers/image.go:14.57,18.12 3 1
github.com/go-park-mail-ru/2019_1_SleeplessNights/main_microservice/handlers/image.go:23.2,26.16 3 1
github.com/go-park-mail-ru/2019_1_SleeplessNights/main_microservice/handlers/image.go:31.2,32.16 2 1
github.com/go-park-mail-ru/2019_1_SleeplessNights/main_microservice/handlers/image.go:37.2,39.16 3 1
github.com/go-park-mail-ru/2019_1_SleeplessNights/main_microservice/handlers/image.go:18.12,22.3 3 1
github.com/go-park-mail-ru/2019_1_SleeplessNights/main_microservice/handlers/image.go:26.16,30.3 3 1
github.com/go-park-mail-ru/2019_1_SleeplessNights/main_microservice/handlers/image.go:32.16,36.3 3 0
github.com/go-park-mail-ru/2019_1_SleeplessNights/main_microservice/handlers/image.go:39.16,43.3 3 0
github.com/go-park-mail-ru/2019_1_SleeplessNights/main_microservice/handlers/leader.go:15.61,17.16 2 1
github.com/go-park-mail-ru/2019_1_SleeplessNights/main_microservice/handlers/leader.go:21.2,22.16 2 1
github.com/go-park-mail-ru/2019_1_SleeplessNights/main_microservice/handlers/leader.go:28.2,33.16 2 1
github.com/go-park-mail-ru/2019_1_SleeplessNights/main_microservice/handlers/leader.go:39.2,40.16 2 1
github.com/go-park-mail-ru/2019_1_SleeplessNights/main_microservice/handlers/leader.go:45.2,46.16 2 1
github.com/go-park-mail-ru/2019_1_SleeplessNights/main_microservice/handlers/leader.go:17.16,19.3 1 1
github.com/go-park-mail-ru/2019_1_SleeplessNights/main_microservice/handlers/leader.go:22.16,26.3 3 1
github.com/go-park-mail-ru/2019_1_SleeplessNights/main_microservice/handlers/leader.go:33.16,37.3 3 0
github.com/go-park-mail-ru/2019_1_SleeplessNights/main_microservice/handlers/leader.go:40.16,44.3 3 0
github.com/go-park-mail-ru/2019_1_SleeplessNights/main_microservice/handlers/leader.go:46.16,50.3 3 0
github.com/go-park-mail-ru/2019_1_SleeplessNights/main_microservice/handlers/manager.go:14.13,17.2 2 1
github.com/go-park-mail-ru/2019_1_SleeplessNights/main_microservice/handlers/manager.go:21.13,27.16 3 1
github.com/go-park-mail-ru/2019_1_SleeplessNights/main_microservice/handlers/manager.go:30.2,31.21 2 1
github.com/go-park-mail-ru/2019_1_SleeplessNights/main_microservice/handlers/manager.go:27.16,29.3 1 0
github.com/go-park-mail-ru/2019_1_SleeplessNights/main_microservice/handlers/manager.go:31.21,33.17 2 0
github.com/go-park-mail-ru/2019_1_SleeplessNights/main_microservice/handlers/manager.go:33.17,35.4 1 0
github.com/go-park-mail-ru/2019_1_SleeplessNights/main_microservice/handlers/profile.go:15.82,17.16 2 1
github.com/go-park-mail-ru/2019_1_SleeplessNights/main_microservice/handlers/profile.go:22.2,23.16 2 1
github.com/go-park-mail-ru/2019_1_SleeplessNights/main_microservice/handlers/profile.go:17.16,21.3 3 0
github.com/go-park-mail-ru/2019_1_SleeplessNights/main_microservice/handlers/profile.go:23.16,27.3 3 0
github.com/go-park-mail-ru/2019_1_SleeplessNights/main_microservice/handlers/profile.go:30.88,32.16 2 1
github.com/go-park-mail-ru/2019_1_SleeplessNights/main_microservice/handlers/profile.go:42.2,43.16 2 1
github.com/go-park-mail-ru/2019_1_SleeplessNights/main_microservice/handlers/profile.go:48.2,48.26 1 1
github.com/go-park-mail-ru/2019_1_SleeplessNights/main_microservice/handlers/profile.go:54.2,60.16 6 1
github.com/go-park-mail-ru/2019_1_SleeplessNights/main_microservice/handlers/profile.go:66.2,67.16 2 1
github.com/go-park-mail-ru/2019_1_SleeplessNights/main_microservice/handlers/profile.go:73.2,73.15 1 1
github.com/go-park-mail-ru/2019_1_SleeplessNights/main_microservice/handlers/profile.go:82.2,83.16 2 1
github.com/go-park-mail-ru/2019_1_SleeplessNights/main_microservice/handlers/profile.go:89.2,90.16 2 1
github.com/go-park-mail-ru/2019_1_SleeplessNights/main_microservice/handlers/profile.go:96.2,96.15 1 1
github.com/go-park-mail-ru/2019_1_SleeplessNights/main_microservice/handlers/profile.go:105.2,106.16 2 1
github.com/go-park-mail-ru/2019_1_SleeplessNights/main_microservice/handlers/profile.go:112.2,113.16 2 1
github.com/go-park-mail-ru/2019_1_SleeplessNights/main_microservice/handlers/profile.go:32.16,40.3 4 1
github.com/go-park-mail-ru/2019_1_SleeplessNights/main_microservice/handlers/profile.go:43.16,47.3 3 0
github.com/go-park-mail-ru/2019_1_SleeplessNights/main_microservice/handlers/profile.go:48.26,52.3 3 1
github.com/go-park-mail-ru/2019_1_SleeplessNights/main_microservice/handlers/profile.go:60.16,64.3 3 0
github.com/go-park-mail-ru/2019_1_SleeplessNights/main_microservice/handlers/profile.go:67.16,71.3 3 0
github.com/go-park-mail-ru/2019_1_SleeplessNights/main_microservice/handlers/profile.go:73.15,75.17 2 1
github.com/go-park-mail-ru/2019_1_SleeplessNights/main_microservice/handlers/profile.go:75.17,79.4 3 0
github.com/go-park-mail-ru/2019_1_SleeplessNights/main_microservice/handlers/profile.go:83.16,87.3 3 0
github.com/go-park-mail-ru/2019_1_SleeplessNights/main_microservice/handlers/profile.go:90.16,94.3 3 0
github.com/go-park-mail-ru/2019_1_SleeplessNights/main_microservice/handlers/profile.go:96.15,98.17 2 1
github.com/go-park-mail-ru/2019_1_SleeplessNights/main_microservice/handlers/profile.go:98.17,102.4 3 0
github.com/go-park-mail-ru/2019_1_SleeplessNights/main_microservice/handlers/profile.go:106.16,110.3 3 0
github.com/go-park-mail-ru/2019_1_SleeplessNights/main_microservice/handlers/profile.go:113.16,117.3 3 0
